=====================================
🚀 크론 작업 시작: 2025-06-24 18:10:04
📁 작업 디렉토리: /Users/sinseonghyeon/Documents/GitHub/01-blockchain-projects/maxpia-project/qt_staking/backend
=====================================
🔧 Node.js 버전: v18.17.1
🔧 NPM 버전: 9.6.7
⏳ 만료 스테이킹 처리 시작...

> backend@1.0.0 check-expired
> node scripts/checkExpiredStakings.js

🚀 스테이킹 만료 확인 스크립트 시작
📍 실행 위치: /Users/sinseonghyeon/Documents/GitHub/01-blockchain-projects/maxpia-project/qt_staking/backend/scripts
⏰ 실행 시간: 2025. 6. 24. 오후 6:10:05
============================================================
📊 현재 스테이킹 현황:
📈 스테이킹 현황 통계:
✅ SQLite 데이터베이스 연결 성공
✅ 스테이킹 테이블 생성 완료
   📊 총 스테이킹 수: 13개
   🟢 활성 스테이킹: 0개
   💰 총 활성 금액: 0 QTC
   🎁 총 지급 보상: 0.09343272 QTC

⚡ 만료된 스테이킹 실제 처리:
🔍 만료된 스테이킹 확인 작업 시작...
📅 현재 시간: 2025. 6. 24. 오후 6:10:05
⚙️  환경 설정 상태:
   🔑 Private Key: ✅ 설정됨
   🏦 Staking Pool: ✅ 설정됨
   💸 실제 전송: ✅ 활성화
   🌐 API URL: https://qcc-backend.com

📋 데이터베이스 인덱스 생성 완료
✅ 만료된 스테이킹이 없습니다.

============================================================
🎉 스크립트 실행 완료!
✅ 크론 작업 성공: 2025-06-24 18:10:05
=====================================

=====================================
🚀 크론 작업 시작: 2025-06-24 18:16:55
📁 작업 디렉토리: /Users/sinseonghyeon/Documents/GitHub/01-blockchain-projects/maxpia-project/qt_staking/backend
=====================================
🔧 Node.js 버전: v18.17.1
🔧 NPM 버전: 9.6.7
⏳ 만료 스테이킹 처리 시작...

> backend@1.0.0 check-expired
> node scripts/checkExpiredStakings.js

🚀 스테이킹 만료 확인 스크립트 시작
📍 실행 위치: /Users/sinseonghyeon/Documents/GitHub/01-blockchain-projects/maxpia-project/qt_staking/backend/scripts
⏰ 실행 시간: 2025. 6. 24. 오후 6:16:55
============================================================
📊 현재 스테이킹 현황:
📈 스테이킹 현황 통계:
✅ SQLite 데이터베이스 연결 성공
✅ 스테이킹 테이블 생성 완료
   📊 총 스테이킹 수: 13개
   🟢 활성 스테이킹: 0개
   💰 총 활성 금액: 0 QTC
   🎁 총 지급 보상: 0.09343272 QTC

⚡ 만료된 스테이킹 실제 처리:
🔍 만료된 스테이킹 확인 작업 시작...
📅 현재 시간: 2025. 6. 24. 오후 6:16:55
⚙️  환경 설정 상태:
   🔑 Private Key: ✅ 설정됨
   🏦 Staking Pool: ✅ 설정됨
   💸 실제 전송: ✅ 활성화
   🌐 API URL: https://qcc-backend.com

📋 데이터베이스 인덱스 생성 완료
✅ 만료된 스테이킹이 없습니다.

============================================================
🎉 스크립트 실행 완료!
✅ 크론 작업 성공: 2025-06-24 18:16:55
=====================================

=====================================
🚀 크론 작업 시작: 2025-06-24 18:21:49
📁 작업 디렉토리: /Users/sinseonghyeon/Documents/GitHub/01-blockchain-projects/maxpia-project/qt_staking/backend
=====================================
🔧 Node.js 버전: v18.17.1
🔧 NPM 버전: 9.6.7
⏳ 만료 스테이킹 처리 시작...

> backend@1.0.0 check-expired
> node scripts/checkExpiredStakings.js

🚀 스테이킹 만료 확인 스크립트 시작
📍 실행 위치: /Users/sinseonghyeon/Documents/GitHub/01-blockchain-projects/maxpia-project/qt_staking/backend/scripts
⏰ 실행 시간: 2025. 6. 24. 오후 6:21:50
============================================================
📊 현재 스테이킹 현황:
📈 스테이킹 현황 통계:
✅ SQLite 데이터베이스 연결 성공
✅ 스테이킹 테이블 생성 완료
   📊 총 스테이킹 수: 15개
   🟢 활성 스테이킹: 2개
   💰 총 활성 금액: 2 QTC
   🎁 총 지급 보상: 0.09343272 QTC

⚡ 만료된 스테이킹 실제 처리:
🔍 만료된 스테이킹 확인 작업 시작...
📅 현재 시간: 2025. 6. 24. 오후 6:21:50
⚙️  환경 설정 상태:
   🔑 Private Key: ✅ 설정됨
   🏦 Staking Pool: ✅ 설정됨
   💸 실제 전송: ✅ 활성화
   🌐 API URL: https://qcc-backend.com

📋 데이터베이스 인덱스 생성 완료
📋 처리할 만료 스테이킹: 2개

⏳ [1/2] 스테이킹 ID 14 처리 중...
   👤 지갑: 1fe3cba1c36ff394122a3e719c9eadf078294ea9a327
   💰 원금: 1 QTC
   📅 기간: 30일
   📊 이자율: 3%
   ⏰ 만료일: 2025-06-24 08:21:22
   🎯 이자: 0.00246575 QTC
   💎 총 반환액: 1.00246575 QTC
   🚀 블록체인 송금 시작...
🔍 전송 설정 확인:
   📍 API URL: https://qcc-backend.com
   🔑 Private Key: ✅ 설정됨
   🏦 스테이킹 풀: dde0b5f4a236f209d62efe7354e73ca2f52a2dc78cca
   💸 실제 전송: ✅ 활성화
   👤 수신자: 1fe3cba1c36ff394122a3e719c9eadf078294ea9a327
   💰 금액: 1.00246575 QTC
   🔄 전송 방향: 스테이킹풀 → 사용자
🚀 실제 블록체인 전송 시작...
   💎 변환된 금액: 1002465750000000000 (wei 단위)
   ⏰ 타임스탬프 요청...
   ⏰ 타임스탬프: 1750756910966903
   🔐 트랜잭션 서명 중...
   📡 블록체인에 브로드캐스트...
   📡 브로드캐스트 응답: {
  msg: 'successfully broadcast transaction',
  ok: 'true',
  txhash: '06384ddbc42877fd19a93b01e848c2c79146de0e2ee32c929260a81031bc6efbeca061e1306b41'
}
   ✅ 실제 송금 성공! 트랜잭션: 06384ddbc42877fd19a93b01e848c2c79146de0e2ee32c929260a81031bc6efbeca061e1306b41
   📤 송금 결과: 전송 성공
   ✨ 데이터베이스 업데이트 완료
✅ 스테이킹 ID 14 처리 완료

⏳ [2/2] 스테이킹 ID 15 처리 중...
   👤 지갑: d5c9d178b8025ccc1e76cabecf491060a674508ce72e
   💰 원금: 1 QTC
   📅 기간: 30일
   📊 이자율: 3%
   ⏰ 만료일: 2025-06-24 08:21:22
   🎯 이자: 0.00246575 QTC
   💎 총 반환액: 1.00246575 QTC
   🚀 블록체인 송금 시작...
🔍 전송 설정 확인:
   📍 API URL: https://qcc-backend.com
   🔑 Private Key: ✅ 설정됨
   🏦 스테이킹 풀: dde0b5f4a236f209d62efe7354e73ca2f52a2dc78cca
   💸 실제 전송: ✅ 활성화
   👤 수신자: d5c9d178b8025ccc1e76cabecf491060a674508ce72e
   💰 금액: 1.00246575 QTC
   🔄 전송 방향: 스테이킹풀 → 사용자
🚀 실제 블록체인 전송 시작...
   💎 변환된 금액: 1002465750000000000 (wei 단위)
   ⏰ 타임스탬프 요청...
   ⏰ 타임스탬프: 1750756912236491
   🔐 트랜잭션 서명 중...
   📡 블록체인에 브로드캐스트...
   📡 브로드캐스트 응답: {
  msg: 'successfully broadcast transaction',
  ok: 'true',
  txhash: '06384ddbd787cb4248cd1c3166ca33e83d0c692ef22219b0a146ea83cb227dfcd62c1a49a1fb31'
}
   ✅ 실제 송금 성공! 트랜잭션: 06384ddbd787cb4248cd1c3166ca33e83d0c692ef22219b0a146ea83cb227dfcd62c1a49a1fb31
   📤 송금 결과: 전송 성공
   ✨ 데이터베이스 업데이트 완료
✅ 스테이킹 ID 15 처리 완료

📊 처리 결과 요약:
   ✅ 성공: 2개
   ❌ 실패: 0개
   📈 총 처리: 2개

============================================================
🎉 스크립트 실행 완료!
✅ 크론 작업 성공: 2025-06-24 18:21:52
=====================================

